# JRE version: Java(TM) SE Runtime Environment (8.0_202-b08) (build 1.8.0_202-b08)
# Java VM: Java HotSpot(TM) 64-Bit Server VM (25.202-b08 mixed mode windows-amd64 compressed oops)
Heap:
 PSYoungGen      total 84480K, used 54072K [0x00000000eb000000, 0x00000000f1780000, 0x0000000100000000)
  eden space 77312K, 60% used [0x00000000eb000000,0x00000000eddd2ae8,0x00000000efb80000)
  from space 7168K, 99% used [0x00000000f0580000,0x00000000f0c7b6c0,0x00000000f0c80000)
  to   space 10240K, 0% used [0x00000000efb80000,0x00000000efb80000,0x00000000f0580000)
 ParOldGen       total 32256K, used 15651K [0x00000000c1000000, 0x00000000c2f80000, 0x00000000eb000000)
  object space 32256K, 48% used [0x00000000c1000000,0x00000000c1f48e18,0x00000000c2f80000)
 Metaspace       used 31833K, capacity 33492K, committed 33664K, reserved 1079296K
  class space    used 4384K, capacity 4691K, committed 4736K, reserved 1048576K
GC Heap History (10 events):
Event: 31.044 GC heap before
{Heap before GC invocations=7 (full 0):
 PSYoungGen      total 37888K, used 12778K [0x00000000eb000000, 0x00000000edc00000, 0x0000000100000000)
  eden space 32256K, 23% used [0x00000000eb000000,0x00000000eb779ed8,0x00000000ecf80000)
  from space 5632K, 90% used [0x00000000ed580000,0x00000000eda80b48,0x00000000edb00000)
  to   space 6144K, 0% used [0x00000000ecf80000,0x00000000ecf80000,0x00000000ed580000)
 ParOldGen       total 44032K, used 8537K [0x00000000c1000000, 0x00000000c3b00000, 0x00000000eb000000)
  object space 44032K, 19% used [0x00000000c1000000,0x00000000c1856428,0x00000000c3b00000)
 Metaspace       used 20531K, capacity 21140K, committed 21296K, reserved 1067008K
  class space    used 2779K, capacity 2937K, committed 2944K, reserved 1048576K
Event: 31.191 GC heap after
Heap after GC invocations=7 (full 0):
 PSYoungGen      total 38400K, used 3087K [0x00000000eb000000, 0x00000000efb00000, 0x0000000100000000)
  eden space 32256K, 0% used [0x00000000eb000000,0x00000000eb000000,0x00000000ecf80000)
  from space 6144K, 50% used [0x00000000ecf80000,0x00000000ed283d38,0x00000000ed580000)
  to   space 6144K, 0% used [0x00000000ef500000,0x00000000ef500000,0x00000000efb00000)
 ParOldGen       total 44032K, used 9770K [0x00000000c1000000, 0x00000000c3b00000, 0x00000000eb000000)
  object space 44032K, 22% used [0x00000000c1000000,0x00000000c198a9c0,0x00000000c3b00000)
 Metaspace       used 20531K, capacity 21140K, committed 21296K, reserved 1067008K
  class space    used 2779K, capacity 2937K, committed 2944K, reserved 1048576K
}
Event: 31.191 GC heap before
{Heap before GC invocations=8 (full 1):
 PSYoungGen      total 38400K, used 3087K [0x00000000eb000000, 0x00000000efb00000, 0x0000000100000000)
  eden space 32256K, 0% used [0x00000000eb000000,0x00000000eb000000,0x00000000ecf80000)
  from space 6144K, 50% used [0x00000000ecf80000,0x00000000ed283d38,0x00000000ed580000)
  to   space 6144K, 0% used [0x00000000ef500000,0x00000000ef500000,0x00000000efb00000)
 ParOldGen       total 44032K, used 9770K [0x00000000c1000000, 0x00000000c3b00000, 0x00000000eb000000)
  object space 44032K, 22% used [0x00000000c1000000,0x00000000c198a9c0,0x00000000c3b00000)
 Metaspace       used 20531K, capacity 21140K, committed 21296K, reserved 1067008K
  class space    used 2779K, capacity 2937K, committed 2944K, reserved 1048576K
Event: 31.866 GC heap after
Heap after GC invocations=8 (full 1):
 PSYoungGen      total 38400K, used 0K [0x00000000eb000000, 0x00000000efb00000, 0x0000000100000000)
  eden space 32256K, 0% used [0x00000000eb000000,0x00000000eb000000,0x00000000ecf80000)
  from space 6144K, 0% used [0x00000000ecf80000,0x00000000ecf80000,0x00000000ed580000)
  to   space 6144K, 0% used [0x00000000ef500000,0x00000000ef500000,0x00000000efb00000)
 ParOldGen       total 32256K, used 9119K [0x00000000c1000000, 0x00000000c2f80000, 0x00000000eb000000)
  object space 32256K, 28% used [0x00000000c1000000,0x00000000c18e7e20,0x00000000c2f80000)
 Metaspace       used 20531K, capacity 21140K, committed 21296K, reserved 1067008K
  class space    used 2779K, capacity 2937K, committed 2944K, reserved 1048576K
}
Event: 35.012 GC heap before
{Heap before GC invocations=9 (full 1):
 PSYoungGen      total 38400K, used 32256K [0x00000000eb000000, 0x00000000efb00000, 0x0000000100000000)
  eden space 32256K, 100% used [0x00000000eb000000,0x00000000ecf80000,0x00000000ecf80000)
  from space 6144K, 0% used [0x00000000ecf80000,0x00000000ecf80000,0x00000000ed580000)
  to   space 6144K, 0% used [0x00000000ef500000,0x00000000ef500000,0x00000000efb00000)
 ParOldGen       total 32256K, used 9119K [0x00000000c1000000, 0x00000000c2f80000, 0x00000000eb000000)
  object space 32256K, 28% used [0x00000000c1000000,0x00000000c18e7e20,0x00000000c2f80000)
 Metaspace       used 22677K, capacity 23542K, committed 23680K, reserved 1069056K
  class space    used 3124K, capacity 3360K, committed 3456K, reserved 1048576K
Event: 35.103 GC heap after
Heap after GC invocations=9 (full 1):
 PSYoungGen      total 59392K, used 3022K [0x00000000eb000000, 0x00000000ef800000, 0x0000000100000000)
  eden space 56320K, 0% used [0x00000000eb000000,0x00000000eb000000,0x00000000ee700000)
  from space 3072K, 98% used [0x00000000ef500000,0x00000000ef7f3ae0,0x00000000ef800000)
  to   space 6144K, 0% used [0x00000000eec00000,0x00000000eec00000,0x00000000ef200000)
 ParOldGen       total 32256K, used 9127K [0x00000000c1000000, 0x00000000c2f80000, 0x00000000eb000000)
  object space 32256K, 28% used [0x00000000c1000000,0x00000000c18e9e20,0x00000000c2f80000)
 Metaspace       used 22677K, capacity 23542K, committed 23680K, reserved 1069056K
  class space    used 3124K, capacity 3360K, committed 3456K, reserved 1048576K
}
Event: 40.218 GC heap before
{Heap before GC invocations=10 (full 1):
 PSYoungGen      total 59392K, used 59342K [0x00000000eb000000, 0x00000000ef800000, 0x0000000100000000)
  eden space 56320K, 100% used [0x00000000eb000000,0x00000000ee700000,0x00000000ee700000)
  from space 3072K, 98% used [0x00000000ef500000,0x00000000ef7f3ae0,0x00000000ef800000)
  to   space 6144K, 0% used [0x00000000eec00000,0x00000000eec00000,0x00000000ef200000)
 ParOldGen       total 32256K, used 9127K [0x00000000c1000000, 0x00000000c2f80000, 0x00000000eb000000)
  object space 32256K, 28% used [0x00000000c1000000,0x00000000c18e9e20,0x00000000c2f80000)
 Metaspace       used 24776K, capacity 25762K, committed 25984K, reserved 1071104K
  class space    used 3453K, capacity 3686K, committed 3712K, reserved 1048576K
Event: 40.273 GC heap after
Heap after GC invocations=10 (full 1):
 PSYoungGen      total 67584K, used 6115K [0x00000000eb000000, 0x00000000f0c80000, 0x0000000100000000)
  eden space 61440K, 0% used [0x00000000eb000000,0x00000000eb000000,0x00000000eec00000)
  from space 6144K, 99% used [0x00000000eec00000,0x00000000ef1f8cf8,0x00000000ef200000)
  to   space 7168K, 0% used [0x00000000f0580000,0x00000000f0580000,0x00000000f0c80000)
 ParOldGen       total 32256K, used 10040K [0x00000000c1000000, 0x00000000c2f80000, 0x00000000eb000000)
  object space 32256K, 31% used [0x00000000c1000000,0x00000000c19ce3b8,0x00000000c2f80000)
 Metaspace       used 24776K, capacity 25762K, committed 25984K, reserved 1071104K
  class space    used 3453K, capacity 3686K, committed 3712K, reserved 1048576K
}
Event: 49.764 GC heap before
{Heap before GC invocations=11 (full 1):
 PSYoungGen      total 67584K, used 67555K [0x00000000eb000000, 0x00000000f0c80000, 0x0000000100000000)
  eden space 61440K, 100% used [0x00000000eb000000,0x00000000eec00000,0x00000000eec00000)
  from space 6144K, 99% used [0x00000000eec00000,0x00000000ef1f8cf8,0x00000000ef200000)
  to   space 7168K, 0% used [0x00000000f0580000,0x00000000f0580000,0x00000000f0c80000)
 ParOldGen       total 32256K, used 10040K [0x00000000c1000000, 0x00000000c2f80000, 0x00000000eb000000)
  object space 32256K, 31% used [0x00000000c1000000,0x00000000c19ce3b8,0x00000000c2f80000)
 Metaspace       used 29016K, capacity 30340K, committed 30464K, reserved 1075200K
  class space    used 4006K, capacity 4313K, committed 4352K, reserved 1048576K
Event: 49.796 GC heap after
Heap after GC invocations=11 (full 1):
 PSYoungGen      total 84480K, used 7149K [0x00000000eb000000, 0x00000000f1780000, 0x0000000100000000)
  eden space 77312K, 0% used [0x00000000eb000000,0x00000000eb000000,0x00000000efb80000)
  from space 7168K, 99% used [0x00000000f0580000,0x00000000f0c7b6c0,0x00000000f0c80000)
  to   space 10240K, 0% used [0x00000000efb80000,0x00000000efb80000,0x00000000f0580000)
 ParOldGen       total 32256K, used 15651K [0x00000000c1000000, 0x00000000c2f80000, 0x00000000eb000000)
  object space 32256K, 48% used [0x00000000c1000000,0x00000000c1f48e18,0x00000000c2f80000)
 Metaspace       used 29016K, capacity 30340K, committed 30464K, reserved 1075200K
  class space    used 4006K, capacity 4313K, committed 4352K, reserved 1048576K
}

